;
; Definizione ordinamento file per gli archivi solidi
; ~~~~~~~~~~~~~~~~~~~~~~~~~~~~~~~~~~~~~~~~~~~~~~~~~~~~
;
; Qui potete modificare l'elenco dei file che definisce l'ordinamento 
; utilizzato da RAR per aggiungere file ad un archivio solido.
;
; Questo file può contenere nomi completi di file (es. descript.ion), 
; filtri che utilizzino i caratteri jolly '?' e '*',  ed una istruzione 
; speciale: $default. L'istruzione $default definisce la posizione dove
; inserire, nell'ordinamento generale, quei file che non rispondono ai
; criteri qui indicati.
; Le linee che iniziano con il carattere ';' sono considerate dei commenti 
; e per questo non vengono considerate.
;
; Ponete questo file nella stessa cartella di RAR.EXE.
;
; Alcuni consigli per migliorare il rapporto e la velocità di
; compressione:
; - file con contenuto simile dovrebbero essere inseriti il più vicino
;   possibile;
; - i file ad accesso più frequente dovrebbero essere inseriti all'inizio
;   dell'archivio.
;
file_id.diz
descript.ion
read.*
readme.*
*.nfo
*.doc
*.txt
*.htm
*.html
*.shtml
*.css
*.xsl
*.xml
*.js
*.php
*.lst
*.log
*.ini
*.bat
*.cmd
*.h
*.hpp
*.c
*.cpp
*.java
*.asm
*.bas
*.bak
*.cue
*.rtf
*.hlp
*.inf
*.com
*.exe
*.dll
*.obj
*.lib
*.sys
*.drv
*.bin
*.bmp
*.wav
$default
*.mp3
*.mp4
*.m4a
*.mov
*.avi
*.wmv
*.wma
*.gif
*.tif
*.png
*.jpg
*.chm
*.pdf
*.cab
*.7z
*.arj
*.ha
*.lz
*.lzh
*.rar
*.zip
*.gz
*.bz2
*.xz
*.jar
*.fla
*.flac
*.ape
*.bik
*.mkv
